g:\project\rt1176\reference\self\bootloader\mcuboot\elftosb_5\elftosb_5.1.19\proj\elftosb\elftosb2\debug\elftosb.bsc
g:\project\rt1176\reference\self\bootloader\mcuboot\elftosb_5\elftosb_5.1.19\proj\elftosb\elftosb2\debug\vc141.pdb
g:\project\rt1176\reference\self\bootloader\mcuboot\elftosb_5\elftosb_5.1.19\proj\elftosb\elftosb2\debug\vc141.idb
g:\project\rt1176\reference\self\bootloader\mcuboot\elftosb_5\elftosb_5.1.19\proj\elftosb\elftosb2\debug\bytes_aes.sbr
g:\project\rt1176\reference\self\bootloader\mcuboot\elftosb_5\elftosb_5.1.19\proj\elftosb\elftosb2\debug\aes128_key_wrap_unwrap.sbr
g:\project\rt1176\reference\self\bootloader\mcuboot\elftosb_5\elftosb_5.1.19\proj\elftosb\elftosb2\debug\aes128_key_wrap_unwrap.obj
g:\project\rt1176\reference\self\bootloader\mcuboot\elftosb_5\elftosb_5.1.19\proj\elftosb\elftosb2\debug\bytes_aes.obj
g:\project\rt1176\reference\self\bootloader\mcuboot\elftosb_5\elftosb_5.1.19\proj\elftosb\elftosb2\debug\sb2imagegenerator.sbr
g:\project\rt1176\reference\self\bootloader\mcuboot\elftosb_5\elftosb_5.1.19\proj\elftosb\elftosb2\debug\imximagegenerator.sbr
g:\project\rt1176\reference\self\bootloader\mcuboot\elftosb_5\elftosb_5.1.19\proj\elftosb\elftosb2\debug\encorebootimagegenerator.sbr
g:\project\rt1176\reference\self\bootloader\mcuboot\elftosb_5\elftosb_5.1.19\proj\elftosb\elftosb2\debug\elftosblexer.sbr
g:\project\rt1176\reference\self\bootloader\mcuboot\elftosb_5\elftosb_5.1.19\proj\elftosb\elftosb2\debug\elftosbast.sbr
g:\project\rt1176\reference\self\bootloader\mcuboot\elftosb_5\elftosb_5.1.19\proj\elftosb\elftosb2\debug\elftosb_parser.tab.sbr
g:\project\rt1176\reference\self\bootloader\mcuboot\elftosb_5\elftosb_5.1.19\proj\elftosb\elftosb2\debug\elftosb_lexer.sbr
g:\project\rt1176\reference\self\bootloader\mcuboot\elftosb_5\elftosb_5.1.19\proj\elftosb\elftosb2\debug\elftosb.sbr
g:\project\rt1176\reference\self\bootloader\mcuboot\elftosb_5\elftosb_5.1.19\proj\elftosb\elftosb2\debug\conversioncontroller.sbr
g:\project\rt1176\reference\self\bootloader\mcuboot\elftosb_5\elftosb_5.1.19\proj\elftosb\elftosb2\debug\bootimagegenerator.sbr
g:\project\rt1176\reference\self\bootloader\mcuboot\elftosb_5\elftosb_5.1.19\proj\elftosb\elftosb2\debug\version.sbr
g:\project\rt1176\reference\self\bootloader\mcuboot\elftosb_5\elftosb_5.1.19\proj\elftosb\elftosb2\debug\value.sbr
g:\project\rt1176\reference\self\bootloader\mcuboot\elftosb_5\elftosb_5.1.19\proj\elftosb\elftosb2\debug\trustzonepresetgenerator.sbr
g:\project\rt1176\reference\self\bootloader\mcuboot\elftosb_5\elftosb_5.1.19\proj\elftosb\elftosb2\debug\stsrecordfile.sbr
g:\project\rt1176\reference\self\bootloader\mcuboot\elftosb_5\elftosb_5.1.19\proj\elftosb\elftosb2\debug\stexecutableimage.sbr
g:\project\rt1176\reference\self\bootloader\mcuboot\elftosb_5\elftosb_5.1.19\proj\elftosb\elftosb2\debug\stelffile.sbr
g:\project\rt1176\reference\self\bootloader\mcuboot\elftosb_5\elftosb_5.1.19\proj\elftosb\elftosb2\debug\stdafx.sbr
g:\project\rt1176\reference\self\bootloader\mcuboot\elftosb_5\elftosb_5.1.19\proj\elftosb\elftosb2\debug\srecordsourcefile.sbr
g:\project\rt1176\reference\self\bootloader\mcuboot\elftosb_5\elftosb_5.1.19\proj\elftosb\elftosb2\debug\sourcefile.sbr
g:\project\rt1176\reference\self\bootloader\mcuboot\elftosb_5\elftosb_5.1.19\proj\elftosb\elftosb2\debug\sha1.sbr
g:\project\rt1176\reference\self\bootloader\mcuboot\elftosb_5\elftosb_5.1.19\proj\elftosb\elftosb2\debug\sha1.obj
g:\project\rt1176\reference\self\bootloader\mcuboot\elftosb_5\elftosb_5.1.19\proj\elftosb\elftosb2\debug\sourcefile.obj
g:\project\rt1176\reference\self\bootloader\mcuboot\elftosb_5\elftosb_5.1.19\proj\elftosb\elftosb2\debug\srecordsourcefile.obj
g:\project\rt1176\reference\self\bootloader\mcuboot\elftosb_5\elftosb_5.1.19\proj\elftosb\elftosb2\debug\stdafx.obj
g:\project\rt1176\reference\self\bootloader\mcuboot\elftosb_5\elftosb_5.1.19\proj\elftosb\elftosb2\debug\stelffile.obj
g:\project\rt1176\reference\self\bootloader\mcuboot\elftosb_5\elftosb_5.1.19\proj\elftosb\elftosb2\debug\stexecutableimage.obj
g:\project\rt1176\reference\self\bootloader\mcuboot\elftosb_5\elftosb_5.1.19\proj\elftosb\elftosb2\debug\stsrecordfile.obj
g:\project\rt1176\reference\self\bootloader\mcuboot\elftosb_5\elftosb_5.1.19\proj\elftosb\elftosb2\debug\trustzonepresetgenerator.obj
g:\project\rt1176\reference\self\bootloader\mcuboot\elftosb_5\elftosb_5.1.19\proj\elftosb\elftosb2\debug\value.obj
g:\project\rt1176\reference\self\bootloader\mcuboot\elftosb_5\elftosb_5.1.19\proj\elftosb\elftosb2\debug\version.obj
g:\project\rt1176\reference\self\bootloader\mcuboot\elftosb_5\elftosb_5.1.19\proj\elftosb\elftosb2\debug\bootimagegenerator.obj
g:\project\rt1176\reference\self\bootloader\mcuboot\elftosb_5\elftosb_5.1.19\proj\elftosb\elftosb2\debug\conversioncontroller.obj
g:\project\rt1176\reference\self\bootloader\mcuboot\elftosb_5\elftosb_5.1.19\proj\elftosb\elftosb2\debug\elftosb.obj
g:\project\rt1176\reference\self\bootloader\mcuboot\elftosb_5\elftosb_5.1.19\proj\elftosb\elftosb2\debug\elftosb_lexer.obj
g:\project\rt1176\reference\self\bootloader\mcuboot\elftosb_5\elftosb_5.1.19\proj\elftosb\elftosb2\debug\elftosb_parser.tab.obj
g:\project\rt1176\reference\self\bootloader\mcuboot\elftosb_5\elftosb_5.1.19\proj\elftosb\elftosb2\debug\elftosbast.obj
g:\project\rt1176\reference\self\bootloader\mcuboot\elftosb_5\elftosb_5.1.19\proj\elftosb\elftosb2\debug\elftosblexer.obj
g:\project\rt1176\reference\self\bootloader\mcuboot\elftosb_5\elftosb_5.1.19\proj\elftosb\elftosb2\debug\encorebootimagegenerator.obj
g:\project\rt1176\reference\self\bootloader\mcuboot\elftosb_5\elftosb_5.1.19\proj\elftosb\elftosb2\debug\imximagegenerator.obj
g:\project\rt1176\reference\self\bootloader\mcuboot\elftosb_5\elftosb_5.1.19\proj\elftosb\elftosb2\debug\sb2imagegenerator.obj
g:\project\rt1176\reference\self\bootloader\mcuboot\elftosb_5\elftosb_5.1.19\proj\elftosb\elftosb2\debug\searchpath.sbr
g:\project\rt1176\reference\self\bootloader\mcuboot\elftosb_5\elftosb_5.1.19\proj\elftosb\elftosb2\debug\sb2image.sbr
g:\project\rt1176\reference\self\bootloader\mcuboot\elftosb_5\elftosb_5.1.19\proj\elftosb\elftosb2\debug\rijndaelctr.sbr
g:\project\rt1176\reference\self\bootloader\mcuboot\elftosb_5\elftosb_5.1.19\proj\elftosb\elftosb2\debug\rijndaelcbcmac.sbr
g:\project\rt1176\reference\self\bootloader\mcuboot\elftosb_5\elftosb_5.1.19\proj\elftosb\elftosb2\debug\rijndael.sbr
g:\project\rt1176\reference\self\bootloader\mcuboot\elftosb_5\elftosb_5.1.19\proj\elftosb\elftosb2\debug\random.sbr
g:\project\rt1176\reference\self\bootloader\mcuboot\elftosb_5\elftosb_5.1.19\proj\elftosb\elftosb2\debug\outputsection.sbr
g:\project\rt1176\reference\self\bootloader\mcuboot\elftosb_5\elftosb_5.1.19\proj\elftosb\elftosb2\debug\options.sbr
g:\project\rt1176\reference\self\bootloader\mcuboot\elftosb_5\elftosb_5.1.19\proj\elftosb\elftosb2\debug\optiondictionary.sbr
g:\project\rt1176\reference\self\bootloader\mcuboot\elftosb_5\elftosb_5.1.19\proj\elftosb\elftosb2\debug\operation.sbr
g:\project\rt1176\reference\self\bootloader\mcuboot\elftosb_5\elftosb_5.1.19\proj\elftosb\elftosb2\debug\multicoreimagegenerator.sbr
g:\project\rt1176\reference\self\bootloader\mcuboot\elftosb_5\elftosb_5.1.19\proj\elftosb\elftosb2\debug\logging.sbr
g:\project\rt1176\reference\self\bootloader\mcuboot\elftosb_5\elftosb_5.1.19\proj\elftosb\elftosb2\debug\keyblob.sbr
g:\project\rt1176\reference\self\bootloader\mcuboot\elftosb_5\elftosb_5.1.19\proj\elftosb\elftosb2\debug\json.sbr
g:\project\rt1176\reference\self\bootloader\mcuboot\elftosb_5\elftosb_5.1.19\proj\elftosb\elftosb2\debug\ivtdatasource.sbr
g:\project\rt1176\reference\self\bootloader\mcuboot\elftosb_5\elftosb_5.1.19\proj\elftosb\elftosb2\debug\imximage.sbr
g:\project\rt1176\reference\self\bootloader\mcuboot\elftosb_5\elftosb_5.1.19\proj\elftosb\elftosb2\debug\hexvalues.sbr
g:\project\rt1176\reference\self\bootloader\mcuboot\elftosb_5\elftosb_5.1.19\proj\elftosb\elftosb2\debug\globmatcher.sbr
g:\project\rt1176\reference\self\bootloader\mcuboot\elftosb_5\elftosb_5.1.19\proj\elftosb\elftosb2\debug\ghssecinfo.sbr
g:\project\rt1176\reference\self\bootloader\mcuboot\elftosb_5\elftosb_5.1.19\proj\elftosb\elftosb2\debug\format_string.sbr
g:\project\rt1176\reference\self\bootloader\mcuboot\elftosb_5\elftosb_5.1.19\proj\elftosb\elftosb2\debug\format_string.obj
g:\project\rt1176\reference\self\bootloader\mcuboot\elftosb_5\elftosb_5.1.19\proj\elftosb\elftosb2\debug\ghssecinfo.obj
g:\project\rt1176\reference\self\bootloader\mcuboot\elftosb_5\elftosb_5.1.19\proj\elftosb\elftosb2\debug\globmatcher.obj
g:\project\rt1176\reference\self\bootloader\mcuboot\elftosb_5\elftosb_5.1.19\proj\elftosb\elftosb2\debug\hexvalues.obj
g:\project\rt1176\reference\self\bootloader\mcuboot\elftosb_5\elftosb_5.1.19\proj\elftosb\elftosb2\debug\imximage.obj
g:\project\rt1176\reference\self\bootloader\mcuboot\elftosb_5\elftosb_5.1.19\proj\elftosb\elftosb2\debug\ivtdatasource.obj
g:\project\rt1176\reference\self\bootloader\mcuboot\elftosb_5\elftosb_5.1.19\proj\elftosb\elftosb2\debug\json.obj
g:\project\rt1176\reference\self\bootloader\mcuboot\elftosb_5\elftosb_5.1.19\proj\elftosb\elftosb2\debug\keyblob.obj
g:\project\rt1176\reference\self\bootloader\mcuboot\elftosb_5\elftosb_5.1.19\proj\elftosb\elftosb2\debug\logging.obj
g:\project\rt1176\reference\self\bootloader\mcuboot\elftosb_5\elftosb_5.1.19\proj\elftosb\elftosb2\debug\multicoreimagegenerator.obj
g:\project\rt1176\reference\self\bootloader\mcuboot\elftosb_5\elftosb_5.1.19\proj\elftosb\elftosb2\debug\operation.obj
g:\project\rt1176\reference\self\bootloader\mcuboot\elftosb_5\elftosb_5.1.19\proj\elftosb\elftosb2\debug\optiondictionary.obj
g:\project\rt1176\reference\self\bootloader\mcuboot\elftosb_5\elftosb_5.1.19\proj\elftosb\elftosb2\debug\options.obj
g:\project\rt1176\reference\self\bootloader\mcuboot\elftosb_5\elftosb_5.1.19\proj\elftosb\elftosb2\debug\outputsection.obj
g:\project\rt1176\reference\self\bootloader\mcuboot\elftosb_5\elftosb_5.1.19\proj\elftosb\elftosb2\debug\random.obj
g:\project\rt1176\reference\self\bootloader\mcuboot\elftosb_5\elftosb_5.1.19\proj\elftosb\elftosb2\debug\rijndael.obj
g:\project\rt1176\reference\self\bootloader\mcuboot\elftosb_5\elftosb_5.1.19\proj\elftosb\elftosb2\debug\rijndaelcbcmac.obj
g:\project\rt1176\reference\self\bootloader\mcuboot\elftosb_5\elftosb_5.1.19\proj\elftosb\elftosb2\debug\rijndaelctr.obj
g:\project\rt1176\reference\self\bootloader\mcuboot\elftosb_5\elftosb_5.1.19\proj\elftosb\elftosb2\debug\sb2image.obj
g:\project\rt1176\reference\self\bootloader\mcuboot\elftosb_5\elftosb_5.1.19\proj\elftosb\elftosb2\debug\searchpath.obj
g:\project\rt1176\reference\self\bootloader\mcuboot\elftosb_5\elftosb_5.1.19\proj\elftosb\elftosb2\debug\excludeslistmatcher.sbr
g:\project\rt1176\reference\self\bootloader\mcuboot\elftosb_5\elftosb_5.1.19\proj\elftosb\elftosb2\debug\evalcontext.sbr
g:\project\rt1176\reference\self\bootloader\mcuboot\elftosb_5\elftosb_5.1.19\proj\elftosb\elftosb2\debug\encorebootimagereader.sbr
g:\project\rt1176\reference\self\bootloader\mcuboot\elftosb_5\elftosb_5.1.19\proj\elftosb\elftosb2\debug\encorebootimage.sbr
g:\project\rt1176\reference\self\bootloader\mcuboot\elftosb_5\elftosb_5.1.19\proj\elftosb\elftosb2\debug\elfsourcefile.sbr
g:\project\rt1176\reference\self\bootloader\mcuboot\elftosb_5\elftosb_5.1.19\proj\elftosb\elftosb2\debug\datatarget.sbr
g:\project\rt1176\reference\self\bootloader\mcuboot\elftosb_5\elftosb_5.1.19\proj\elftosb\elftosb2\debug\datasourceimager.sbr
g:\project\rt1176\reference\self\bootloader\mcuboot\elftosb_5\elftosb_5.1.19\proj\elftosb\elftosb2\debug\datasource.sbr
g:\project\rt1176\reference\self\bootloader\mcuboot\elftosb_5\elftosb_5.1.19\proj\elftosb\elftosb2\debug\crc.sbr
g:\project\rt1176\reference\self\bootloader\mcuboot\elftosb_5\elftosb_5.1.19\proj\elftosb\elftosb2\debug\blob.sbr
g:\project\rt1176\reference\self\bootloader\mcuboot\elftosb_5\elftosb_5.1.19\proj\elftosb\elftosb2\debug\authimagegenerator.sbr
g:\project\rt1176\reference\self\bootloader\mcuboot\elftosb_5\elftosb_5.1.19\proj\elftosb\elftosb2\debug\aeskey.sbr
g:\project\rt1176\reference\self\bootloader\mcuboot\elftosb_5\elftosb_5.1.19\proj\elftosb\elftosb2\debug\aeskey.obj
g:\project\rt1176\reference\self\bootloader\mcuboot\elftosb_5\elftosb_5.1.19\proj\elftosb\elftosb2\debug\authimagegenerator.obj
g:\project\rt1176\reference\self\bootloader\mcuboot\elftosb_5\elftosb_5.1.19\proj\elftosb\elftosb2\debug\blob.obj
g:\project\rt1176\reference\self\bootloader\mcuboot\elftosb_5\elftosb_5.1.19\proj\elftosb\elftosb2\debug\crc.obj
g:\project\rt1176\reference\self\bootloader\mcuboot\elftosb_5\elftosb_5.1.19\proj\elftosb\elftosb2\debug\datasource.obj
g:\project\rt1176\reference\self\bootloader\mcuboot\elftosb_5\elftosb_5.1.19\proj\elftosb\elftosb2\debug\datasourceimager.obj
g:\project\rt1176\reference\self\bootloader\mcuboot\elftosb_5\elftosb_5.1.19\proj\elftosb\elftosb2\debug\datatarget.obj
g:\project\rt1176\reference\self\bootloader\mcuboot\elftosb_5\elftosb_5.1.19\proj\elftosb\elftosb2\debug\elfsourcefile.obj
g:\project\rt1176\reference\self\bootloader\mcuboot\elftosb_5\elftosb_5.1.19\proj\elftosb\elftosb2\debug\encorebootimage.obj
g:\project\rt1176\reference\self\bootloader\mcuboot\elftosb_5\elftosb_5.1.19\proj\elftosb\elftosb2\debug\encorebootimagereader.obj
g:\project\rt1176\reference\self\bootloader\mcuboot\elftosb_5\elftosb_5.1.19\proj\elftosb\elftosb2\debug\evalcontext.obj
g:\project\rt1176\reference\self\bootloader\mcuboot\elftosb_5\elftosb_5.1.19\proj\elftosb\elftosb2\debug\excludeslistmatcher.obj
g:\project\rt1176\reference\self\bootloader\mcuboot\elftosb_5\elftosb_5.1.19\proj\elftosb\elftosb2\debug\elftosb.ilk
g:\project\rt1176\reference\self\bootloader\mcuboot\elftosb_5\elftosb_5.1.19\proj\elftosb\elftosb2\debug\elftosb.exe
g:\project\rt1176\reference\self\bootloader\mcuboot\elftosb_5\elftosb_5.1.19\proj\elftosb\elftosb2\debug\elftosb.pdb
g:\project\rt1176\reference\self\bootloader\mcuboot\elftosb_5\elftosb_5.1.19\proj\elftosb\elftosb2\debug\resource.res
g:\project\rt1176\reference\self\bootloader\mcuboot\elftosb_5\elftosb_5.1.19\proj\elftosb\elftosb2\debug\elftosb2.tlog\bscmake.command.1.tlog
g:\project\rt1176\reference\self\bootloader\mcuboot\elftosb_5\elftosb_5.1.19\proj\elftosb\elftosb2\debug\elftosb2.tlog\bscmake.read.1.tlog
g:\project\rt1176\reference\self\bootloader\mcuboot\elftosb_5\elftosb_5.1.19\proj\elftosb\elftosb2\debug\elftosb2.tlog\bscmake.write.1.tlog
g:\project\rt1176\reference\self\bootloader\mcuboot\elftosb_5\elftosb_5.1.19\proj\elftosb\elftosb2\debug\elftosb2.tlog\cl.command.1.tlog
g:\project\rt1176\reference\self\bootloader\mcuboot\elftosb_5\elftosb_5.1.19\proj\elftosb\elftosb2\debug\elftosb2.tlog\cl.read.1.tlog
g:\project\rt1176\reference\self\bootloader\mcuboot\elftosb_5\elftosb_5.1.19\proj\elftosb\elftosb2\debug\elftosb2.tlog\cl.write.1.tlog
g:\project\rt1176\reference\self\bootloader\mcuboot\elftosb_5\elftosb_5.1.19\proj\elftosb\elftosb2\debug\elftosb2.tlog\link.command.1.tlog
g:\project\rt1176\reference\self\bootloader\mcuboot\elftosb_5\elftosb_5.1.19\proj\elftosb\elftosb2\debug\elftosb2.tlog\link.read.1.tlog
g:\project\rt1176\reference\self\bootloader\mcuboot\elftosb_5\elftosb_5.1.19\proj\elftosb\elftosb2\debug\elftosb2.tlog\link.write.1.tlog
g:\project\rt1176\reference\self\bootloader\mcuboot\elftosb_5\elftosb_5.1.19\proj\elftosb\elftosb2\debug\elftosb2.tlog\rc.command.1.tlog
g:\project\rt1176\reference\self\bootloader\mcuboot\elftosb_5\elftosb_5.1.19\proj\elftosb\elftosb2\debug\elftosb2.tlog\rc.read.1.tlog
g:\project\rt1176\reference\self\bootloader\mcuboot\elftosb_5\elftosb_5.1.19\proj\elftosb\elftosb2\debug\elftosb2.tlog\rc.write.1.tlog
